<?xml version="1.0" encoding="UTF-8"?>
<!-- Generated by org.testng.reporters.JUnitReportReporter -->
<testsuite hostname="DESKTOP-0EJ8PRH" failures="0" tests="1" name="day31.Demo1" time="3.800" errors="0" timestamp="2024-11-29T20:02:12 IST" skipped="0">
  <testcase classname="day31.Demo1" name="testA" time="3.800"/>
</testsuite> <!-- day31.Demo1 -->
