<?xml version="1.0" encoding="UTF-8"?>
<!-- Generated by org.testng.reporters.JUnitReportReporter -->
<testsuite hostname="DESKTOP-0EJ8PRH" failures="0" tests="2" name="day27.Demo10" time="0.014" errors="0" timestamp="2024-11-22T20:12:03 IST" skipped="0">
  <testcase classname="day27.Demo10" name="createCustomer" time="0.011"/>
  <system-out>
    <![CDATA[Create Customer]]>
  </system-out>
  <testcase classname="day27.Demo10" name="deleteCustomer" time="0.003"/>
  <system-out>
    <![CDATA[Delete Customer]]>
  </system-out>
</testsuite> <!-- day27.Demo10 -->
