<?xml version="1.0" encoding="UTF-8"?>
<!-- Generated by org.testng.reporters.JUnitReportReporter -->
<testsuite hostname="DESKTOP-0EJ8PRH" failures="0" tests="1" name="day27.Demo2" time="0.020" errors="0" timestamp="2024-11-22T19:09:57 IST" skipped="0">
  <testcase classname="day27.Demo2" name="m2" time="0.020"/>
  <system-out/>
</testsuite> <!-- day27.Demo2 -->
