<?xml version="1.0" encoding="UTF-8"?>
<!-- Generated by org.testng.reporters.JUnitReportReporter -->
<testsuite hostname="DESKTOP-0EJ8PRH" failures="0" tests="2" name="day29.Demo5" time="32.535" errors="0" timestamp="2024-11-27T19:49:27 IST" skipped="0">
  <testcase classname="day29.Demo5" name="testA" time="15.688"/>
  <system-out>
    <![CDATA[Open Chrome Browser]]>
  </system-out>
  <testcase classname="day29.Demo5" name="testA" time="16.847"/>
  <system-out>
    <![CDATA[Open Edge Browser]]>
  </system-out>
</testsuite> <!-- day29.Demo5 -->
