<?xml version="1.0" encoding="UTF-8"?>
<!-- Generated by org.testng.reporters.JUnitReportReporter -->
<testsuite hostname="DESKTOP-0EJ8PRH" failures="0" tests="3" name="day27.Demo5" time="0.017" errors="0" timestamp="2024-11-22T19:33:45 IST" skipped="0">
  <testcase classname="day27.Demo5" name="testA" time="0.002"/>
  <system-out>
    <![CDATA[true]]>
  </system-out>
  <testcase classname="day27.Demo5" name="testA" time="0.013"/>
  <system-out>
    <![CDATA[Apple]]>
  </system-out>
  <testcase classname="day27.Demo5" name="testA" time="0.002"/>
  <system-out>
    <![CDATA[10]]>
  </system-out>
</testsuite> <!-- day27.Demo5 -->
