<?xml version="1.0" encoding="UTF-8"?>
<!-- Generated by org.testng.reporters.JUnitReportReporter -->
<testsuite hostname="DESKTOP-0EJ8PRH" failures="0" tests="1" name="day27.Demo1" time="0.013" errors="0" timestamp="2024-11-22T19:13:47 IST" skipped="0">
  <testcase classname="day27.Demo1" name="m1" time="0.013"/>
  <system-out>
    <![CDATA[***m1 of Demo1***
$$$m1 of Demo1$$$]]>
  </system-out>
</testsuite> <!-- day27.Demo1 -->
