<?xml version="1.0" encoding="UTF-8"?>
<!-- Generated by org.testng.reporters.JUnitReportReporter -->
<testsuite hostname="DESKTOP-0EJ8PRH" failures="0" tests="1" name="day27.Demo3" time="0.002" errors="0" timestamp="2024-11-22T19:09:57 IST" skipped="0">
  <testcase classname="day27.Demo3" name="m3" time="0.002"/>
  <system-out/>
</testsuite> <!-- day27.Demo3 -->
