<?xml version="1.0" encoding="UTF-8"?>
<!-- Generated by org.testng.reporters.JUnitReportReporter -->
<testsuite hostname="DESKTOP-0EJ8PRH" failures="0" tests="1" name="day29.Demo2" time="0.016" errors="0" timestamp="2024-11-27T19:16:53 IST" skipped="0">
  <testcase classname="day29.Demo2" name="testA" time="0.016"/>
  <system-out>
    <![CDATA[testA:Agra]]>
  </system-out>
</testsuite> <!-- day29.Demo2 -->
