<?xml version="1.0" encoding="UTF-8"?>
<!-- Generated by org.testng.reporters.JUnitReportReporter -->
<testsuite hostname="DESKTOP-0EJ8PRH" failures="0" tests="1" name="day28.Demo2" time="0.004" errors="0" timestamp="2024-11-26T19:27:05 IST" skipped="0">
  <testcase classname="day28.Demo2" name="testB" time="0.004"/>
  <system-out>
    <![CDATA[@TestB]]>
  </system-out>
</testsuite> <!-- day28.Demo2 -->
