<?xml version="1.0" encoding="UTF-8"?>
<!-- Generated by org.testng.reporters.JUnitReportReporter -->
<testsuite hostname="DESKTOP-0EJ8PRH" failures="0" tests="1" name="day28.Demo1" time="0.025" errors="0" timestamp="2024-11-26T19:27:04 IST" skipped="0">
  <testcase classname="day28.Demo1" name="testA" time="0.025"/>
  <system-out>
    <![CDATA[@TestA]]>
  </system-out>
</testsuite> <!-- day28.Demo1 -->
