<?xml version="1.0" encoding="UTF-8"?>
<!-- Generated by org.testng.reporters.JUnitReportReporter -->
<testsuite hostname="DESKTOP-0EJ8PRH" failures="0" tests="4" name="day27.Demo7" time="0.019" errors="0" timestamp="2024-11-22T19:50:08 IST" skipped="0">
  <testcase classname="day27.Demo7" name="testA" time="0.002"/>
  <system-out>
    <![CDATA[Banana]]>
  </system-out>
  <testcase classname="day27.Demo7" name="testA" time="0.003"/>
  <system-out>
    <![CDATA[Chiku]]>
  </system-out>
  <testcase classname="day27.Demo7" name="testA" time="0.001"/>
  <system-out>
    <![CDATA[Grapes]]>
  </system-out>
  <testcase classname="day27.Demo7" name="testA" time="0.013"/>
  <system-out>
    <![CDATA[Apple]]>
  </system-out>
</testsuite> <!-- day27.Demo7 -->
