<?xml version="1.0" encoding="UTF-8"?>
<!-- Generated by org.testng.reporters.JUnitReportReporter -->
<testsuite hostname="DESKTOP-0EJ8PRH" failures="0" tests="2" name="day30.Demo2" time="34.674" errors="0" timestamp="2024-11-28T19:52:11 IST" skipped="0">
  <testcase classname="day30.Demo2" name="testA" time="17.018">
    <system-out>
      <![CDATA[Open Edge Browser in Akashara Grid]]>
    </system-out>
  </testcase> <!-- testA -->
  <testcase classname="day30.Demo2" name="testA" time="17.656">
    <system-out>
      <![CDATA[Open Chrome Browser in Saucelabs Grid]]>
    </system-out>
  </testcase> <!-- testA -->
  <system-out>
    <![CDATA[Open Edge Browser in Akashara Grid
Open Chrome Browser in Saucelabs Grid]]>
  </system-out>
</testsuite> <!-- day30.Demo2 -->
