<?xml version="1.0" encoding="UTF-8"?>
<!-- Generated by org.testng.reporters.JUnitReportReporter -->
<testsuite hostname="DESKTOP-0EJ8PRH" failures="0" tests="3" name="day27.Demo4" time="0.026" errors="0" timestamp="2024-11-22T19:26:08 IST" skipped="0">
  <testcase classname="day27.Demo4" name="testA" time="0.004"/>
  <system-out>
    <![CDATA[Banana]]>
  </system-out>
  <testcase classname="day27.Demo4" name="testA" time="0.020"/>
  <system-out>
    <![CDATA[Apple]]>
  </system-out>
  <testcase classname="day27.Demo4" name="testA" time="0.002"/>
  <system-out>
    <![CDATA[Mango]]>
  </system-out>
</testsuite> <!-- day27.Demo4 -->
