<?xml version="1.0" encoding="UTF-8"?>
<!-- Generated by org.testng.reporters.JUnitReportReporter -->
<testsuite hostname="DESKTOP-0EJ8PRH" failures="0" tests="1" name="day28.Demo4" time="3.405" errors="0" timestamp="2024-11-26T20:06:03 IST" skipped="0">
  <testcase classname="day28.Demo4" name="testA" time="3.405"/>
  <system-out/>
</testsuite> <!-- day28.Demo4 -->
