<?xml version="1.0" encoding="UTF-8"?>
<!-- Generated by org.testng.reporters.JUnitReportReporter -->
<testsuite hostname="DESKTOP-0EJ8PRH" failures="0" tests="3" name="day28.Demo3" time="0.032" errors="0" timestamp="2024-11-26T19:48:20 IST" skipped="0">
  <testcase classname="day28.Demo3" name="createProduct" time="0.011"/>
  <system-out>
    <![CDATA[createProduct]]>
  </system-out>
  <testcase classname="day28.Demo3" name="editProduct" time="0.003"/>
  <system-out>
    <![CDATA[editProduct]]>
  </system-out>
  <testcase classname="day28.Demo3" name="deleteProduct" time="0.018"/>
  <system-out>
    <![CDATA[deleteProduct]]>
  </system-out>
</testsuite> <!-- day28.Demo3 -->
