<?xml version="1.0" encoding="UTF-8"?>
<!-- Generated by org.testng.reporters.JUnitReportReporter -->
<testsuite hostname="DESKTOP-0EJ8PRH" failures="0" tests="1" name="day26.Demo5" time="0.004" errors="0" timestamp="2024-11-20T20:19:42 IST" skipped="0">
  <testcase classname="day26.Demo5" name="m2" time="0.004"/>
  <system-out/>
</testsuite> <!-- day26.Demo5 -->
