<?xml version="1.0" encoding="UTF-8"?>
<!-- Generated by org.testng.reporters.JUnitReportReporter -->
<testsuite hostname="DESKTOP-0EJ8PRH" failures="0" tests="2" name="day27.Demo11Child" time="0.017" errors="0" timestamp="2024-11-22T20:17:37 IST" skipped="0">
  <testcase classname="day27.Demo11Child" name="createCustomer" time="0.011"/>
  <system-out>
    <![CDATA[Create Customer]]>
  </system-out>
  <testcase classname="day27.Demo11Child" name="deleteCustomer" time="0.006"/>
  <system-out>
    <![CDATA[Delete Customer]]>
  </system-out>
</testsuite> <!-- day27.Demo11Child -->
