<?xml version="1.0" encoding="UTF-8"?>
<!-- Generated by org.testng.reporters.JUnitReportReporter -->
<testsuite hostname="DESKTOP-0EJ8PRH" failures="0" tests="2" name="day27.Demo8" time="0.029" errors="0" timestamp="2024-11-22T19:56:16 IST" skipped="0">
  <testcase classname="day27.Demo8" name="testA" time="0.028"/>
  <system-out>
    <![CDATA[UserAA1A2]]>
  </system-out>
  <testcase classname="day27.Demo8" name="testA" time="0.001"/>
  <system-out>
    <![CDATA[UserBB1B2]]>
  </system-out>
</testsuite> <!-- day27.Demo8 -->
