<?xml version="1.0" encoding="UTF-8"?>
<!-- Generated by org.testng.reporters.JUnitReportReporter -->
<testsuite hostname="DESKTOP-0EJ8PRH" failures="0" tests="3" name="day27.Demo9" time="0.013" errors="0" timestamp="2024-11-22T20:02:48 IST" skipped="0">
  <testcase classname="day27.Demo9" name="m1" time="0.002"/>
  <system-out>
    <![CDATA[m1]]>
  </system-out>
  <testcase classname="day27.Demo9" name="m1" time="0.010"/>
  <system-out>
    <![CDATA[m1]]>
  </system-out>
  <testcase classname="day27.Demo9" name="m1" time="0.001"/>
  <system-out>
    <![CDATA[m1]]>
  </system-out>
</testsuite> <!-- day27.Demo9 -->
