<?xml version="1.0" encoding="UTF-8"?>
<!-- Generated by org.testng.reporters.JUnitReportReporter -->
<testsuite hostname="DESKTOP-0EJ8PRH" failures="0" tests="1" name="day26.Demo4" time="0.016" errors="0" timestamp="2024-11-20T20:19:42 IST" skipped="0">
  <testcase classname="day26.Demo4" name="m1" time="0.016"/>
  <system-out/>
</testsuite> <!-- day26.Demo4 -->
