<?xml version="1.0" encoding="UTF-8"?>
<!-- Generated by org.testng.reporters.JUnitReportReporter -->
<testsuite hostname="DESKTOP-0EJ8PRH" failures="0" tests="1" name="day29.Demo4" time="0.018" errors="0" timestamp="2024-11-27T19:29:41 IST" skipped="0">
  <testcase classname="day29.Demo4" name="testA" time="0.018"/>
  <system-out>
    <![CDATA[testA:Pune100]]>
  </system-out>
</testsuite> <!-- day29.Demo4 -->
